<?xml version="1.0" encoding="UTF-8"?>
<!-- Generated by org.testng.reporters.JUnitReportReporter -->
<testsuite hostname="DESKTOP-BKT9VC7" failures="0" tests="1" name="TestNg.TestScript3" time="9.816" errors="0" timestamp="2024-11-11T10:49:03 IST" skipped="0">
  <testcase classname="TestNg.TestScript3" name="testScript3" time="9.816"/>
</testsuite> <!-- TestNg.TestScript3 -->
