<?xml version="1.0" encoding="UTF-8"?>
<!-- Generated by org.testng.reporters.JUnitReportReporter -->
<testsuite hostname="DESKTOP-BKT9VC7" failures="0" tests="1" name="TestNg.TestScript2" time="35.448" errors="0" timestamp="2024-11-11T10:14:47 IST" skipped="0">
  <testcase classname="TestNg.TestScript2" name="testScript2" time="35.448"/>
</testsuite> <!-- TestNg.TestScript2 -->
