<?xml version="1.0" encoding="UTF-8"?>
<!-- Generated by org.testng.reporters.JUnitReportReporter -->
<testsuite hostname="DESKTOP-BKT9VC7" failures="0" tests="2" name="TestNg.TestCase" time="25.789" errors="0" timestamp="2024-11-10T22:16:52 IST" skipped="0">
  <testcase classname="TestNg.TestCase" name="testScript1" time="19.349"/>
  <testcase classname="TestNg.TestCase" name="testScript2" time="6.440"/>
</testsuite> <!-- TestNg.TestCase -->
