<?xml version="1.0" encoding="UTF-8"?>
<!-- Generated by org.testng.reporters.JUnitReportReporter -->
<testsuite hostname="DESKTOP-BKT9VC7" failures="0" tests="1" name="Basis.ReadCrossBrowserTesting" time="2.492" errors="0" timestamp="2024-11-13T16:43:07 IST" skipped="0">
  <testcase classname="Basis.ReadCrossBrowserTesting" name="main" time="2.492"/>
</testsuite> <!-- Basis.ReadCrossBrowserTesting -->
