<?xml version="1.0" encoding="UTF-8"?>
<!-- Generated by org.testng.reporters.JUnitReportReporter -->
<testsuite hostname="DESKTOP-BKT9VC7" failures="0" tests="4" name="Basis.MultipletTestAnnotation" time="260.539" errors="0" timestamp="2024-11-08T15:41:57 IST" skipped="0">
  <testcase classname="Basis.MultipletTestAnnotation" name="csk" time="115.520"/>
  <testcase classname="Basis.MultipletTestAnnotation" name="csk" time="111.006"/>
  <testcase classname="Basis.MultipletTestAnnotation" name="mumbai" time="18.615"/>
  <testcase classname="Basis.MultipletTestAnnotation" name="rcb" time="15.398"/>
</testsuite> <!-- Basis.MultipletTestAnnotation -->
