<?xml version="1.0" encoding="UTF-8"?>
<!-- Generated by org.testng.reporters.JUnitReportReporter -->
<testsuite hostname="DESKTOP-BKT9VC7" failures="0" tests="2" name="TestNg.Grur99Assignment" time="36.572" errors="0" timestamp="2024-11-08T17:03:57 IST" skipped="0">
  <testcase classname="TestNg.Grur99Assignment" name="doubleClick" time="12.260"/>
  <testcase classname="TestNg.Grur99Assignment" name="rightClickMe" time="24.312"/>
</testsuite> <!-- TestNg.Grur99Assignment -->
