<?xml version="1.0" encoding="UTF-8"?>
<!-- Generated by org.testng.reporters.JUnitReportReporter -->
<testsuite hostname="DESKTOP-BKT9VC7" failures="0" tests="1" name="Basis.ConfigurationAnnotation" time="0.014" errors="0" timestamp="2024-11-09T15:30:06 IST" skipped="0">
  <testcase classname="Basis.ConfigurationAnnotation" name="TestScript" time="0.014"/>
</testsuite> <!-- Basis.ConfigurationAnnotation -->
