<?xml version="1.0" encoding="UTF-8"?>
<!-- Generated by org.testng.reporters.JUnitReportReporter -->
<testsuite hostname="DESKTOP-BKT9VC7" failures="0" tests="1" name="Basis.ReadFromXmlFile" time="0.061" errors="0" timestamp="2024-11-13T15:52:39 IST" skipped="0">
  <testcase classname="Basis.ReadFromXmlFile" name="main" time="0.061"/>
</testsuite> <!-- Basis.ReadFromXmlFile -->
