<?xml version="1.0" encoding="UTF-8"?>
<!-- Generated by org.testng.reporters.JUnitReportReporter -->
<testsuite hostname="DESKTOP-BKT9VC7" failures="0" tests="1" name="Pom.Login" time="13.539" errors="0" timestamp="2024-11-21T16:47:54 IST" skipped="0">
  <testcase classname="Pom.Login" name="main" time="13.539"/>
</testsuite> <!-- Pom.Login -->
