<?xml version="1.0" encoding="UTF-8"?>
<!-- Generated by org.testng.reporters.JUnitReportReporter -->
<testsuite hostname="DESKTOP-BKT9VC7" failures="0" tests="1" name="Basis.ReadXmlFromDwsBase" time="4.894" errors="0" timestamp="2024-11-13T16:24:25 IST" skipped="0">
  <testcase classname="Basis.ReadXmlFromDwsBase" name="main" time="4.894"/>
</testsuite> <!-- Basis.ReadXmlFromDwsBase -->
