<?xml version="1.0" encoding="UTF-8"?>
<!-- Generated by org.testng.reporters.JUnitReportReporter -->
<testsuite hostname="DESKTOP-BKT9VC7" failures="0" tests="1" name="Basis.LaunchWithTestNg" time="10.644" errors="0" timestamp="2024-11-06T16:18:46 IST" skipped="0">
  <testcase classname="Basis.LaunchWithTestNg" name="main" time="10.644"/>
</testsuite> <!-- Basis.LaunchWithTestNg -->
