<?xml version="1.0" encoding="UTF-8"?>
<!-- Generated by org.testng.reporters.JUnitReportReporter -->
<testsuite hostname="DESKTOP-BKT9VC7" failures="0" tests="1" name="com.crm.AdvanceSeleniumE4.RandomNumbers" time="0.020" errors="0" timestamp="2024-11-29T11:30:12 IST" skipped="0">
  <testcase classname="com.crm.AdvanceSeleniumE4.RandomNumbers" name="main" time="0.020"/>
</testsuite> <!-- com.crm.AdvanceSeleniumE4.RandomNumbers -->
