<?xml version="1.0" encoding="UTF-8"?>
<!-- Generated by org.testng.reporters.JUnitReportReporter -->
<testsuite hostname="DESKTOP-BKT9VC7" failures="0" tests="3" name="TestNg.CreatingDependencies" time="0.023" errors="0" timestamp="2024-11-08T16:08:14 IST" skipped="0">
  <testcase classname="TestNg.CreatingDependencies" name="createAccount" time="0.019"/>
  <testcase classname="TestNg.CreatingDependencies" name="modifyAccount" time="0.002"/>
  <testcase classname="TestNg.CreatingDependencies" name="deleteAccount" time="0.002"/>
</testsuite> <!-- TestNg.CreatingDependencies -->
